app/build/intermediates/manifest_merge_blame_file/release/manifest-merger-blame-release-report.txt
1<?xml version="1.0" encoding="utf-8"?>
2<manifest xmlns:android="http://schemas.android.com/apk/res/android"
3    package="com.avs.akashsingh.newapp"
4    android:versionCode="10"
5    android:versionName="10.0" >
6
7    <uses-sdk
8        android:minSdkVersion="21"
8-->src\main\AndroidManifest.xml
9        android:targetSdkVersion="31" />
9-->src\main\AndroidManifest.xml
10
11    <uses-permission android:name="android.permission.INTERNET" />
11-->src\main\AndroidManifest.xml:5:5-67
11-->src\main\AndroidManifest.xml:5:22-64
12    <uses-permission android:name="android.permission.ACCESS_NETWORK_STATE" />
12-->src\main\AndroidManifest.xml:6:5-79
12-->src\main\AndroidManifest.xml:6:22-76
13    <uses-permission android:name="com.google.android.gms.permission.AD_ID" />
13-->[unity-ads.aar] AndroidManifest.xml:11:5-79
13-->[unity-ads.aar] AndroidManifest.xml:11:22-76
14    <uses-permission android:name="android.permission.POST_NOTIFICATIONS" />
14-->[com.google.firebase:firebase-messaging:23.0.7] AndroidManifest.xml:26:5-77
14-->[com.google.firebase:firebase-messaging:23.0.7] AndroidManifest.xml:26:22-74
15    <uses-permission android:name="android.permission.WAKE_LOCK" /> <!-- Required by older versions of Google Play services to create IID tokens -->
15-->[com.google.firebase:firebase-messaging:23.0.7] AndroidManifest.xml:27:5-68
15-->[com.google.firebase:firebase-messaging:23.0.7] AndroidManifest.xml:27:22-65
16    <uses-permission android:name="com.google.android.c2dm.permission.RECEIVE" /> <!-- Permissions required by Open Measurement SDK -->
16-->[com.google.firebase:firebase-messaging:23.0.7] AndroidManifest.xml:29:5-82
16-->[com.google.firebase:firebase-messaging:23.0.7] AndroidManifest.xml:29:22-79
17    <uses-permission android:name="android.permission.ACCESS_WIFI_STATE" />
17-->[com.applovin:applovin-sdk:11.3.3] AndroidManifest.xml:15:5-76
17-->[com.applovin:applovin-sdk:11.3.3] AndroidManifest.xml:15:22-73
18
19    <queries>
19-->[com.facebook.android:audience-network-sdk:6.12.0] AndroidManifest.xml:11:5-13:15
20        <package android:name="com.facebook.katana" />
20-->[com.facebook.android:audience-network-sdk:6.12.0] AndroidManifest.xml:12:9-55
20-->[com.facebook.android:audience-network-sdk:6.12.0] AndroidManifest.xml:12:18-52
21        <!-- For browser content -->
22        <intent>
22-->[com.google.android.gms:play-services-ads-lite:20.1.0] AndroidManifest.xml:30:9-36:18
23            <action android:name="android.intent.action.VIEW" />
23-->[com.google.firebase:firebase-auth:21.0.7] AndroidManifest.xml:34:17-69
23-->[com.google.firebase:firebase-auth:21.0.7] AndroidManifest.xml:34:25-66
24
25            <category android:name="android.intent.category.BROWSABLE" />
25-->[com.google.firebase:firebase-auth:21.0.7] AndroidManifest.xml:37:17-78
25-->[com.google.firebase:firebase-auth:21.0.7] AndroidManifest.xml:37:27-75
26
27            <data android:scheme="https" />
27-->[com.google.firebase:firebase-auth:21.0.7] AndroidManifest.xml:39:17-42:51
27-->[com.google.firebase:firebase-auth:21.0.7] AndroidManifest.xml:42:21-48
28        </intent> <!-- End of browser content -->
29        <!-- For CustomTabsService -->
30        <intent>
30-->[com.google.android.gms:play-services-ads-lite:20.1.0] AndroidManifest.xml:39:9-41:18
31            <action android:name="android.support.customtabs.action.CustomTabsService" />
31-->[com.google.android.gms:play-services-ads-lite:20.1.0] AndroidManifest.xml:40:13-90
31-->[com.google.android.gms:play-services-ads-lite:20.1.0] AndroidManifest.xml:40:21-87
32        </intent>
33    </queries>
34
35    <uses-permission android:name="com.google.android.finsky.permission.BIND_GET_INSTALL_REFERRER_SERVICE" />
35-->[com.google.android.gms:play-services-measurement:21.1.0] AndroidManifest.xml:26:5-110
35-->[com.google.android.gms:play-services-measurement:21.1.0] AndroidManifest.xml:26:22-107
36    <uses-permission android:name="android.permission.RECEIVE_BOOT_COMPLETED" />
36-->[androidx.work:work-runtime:2.1.0] AndroidManifest.xml:27:5-81
36-->[androidx.work:work-runtime:2.1.0] AndroidManifest.xml:27:22-78
37
38    <application
38-->src\main\AndroidManifest.xml:8:5-78:19
39        android:name="com.avs.akashsingh.newapp.Model.appClass"
39-->src\main\AndroidManifest.xml:9:9-64
40        android:allowBackup="true"
40-->src\main\AndroidManifest.xml:10:9-35
41        android:appComponentFactory="androidx.core.app.CoreComponentFactory"
41-->[androidx.core:core:1.7.0] AndroidManifest.xml:24:18-86
42        android:icon="@mipmap/ic_launcher"
42-->src\main\AndroidManifest.xml:11:9-43
43        android:label="@string/app_name"
43-->src\main\AndroidManifest.xml:12:9-41
44        android:roundIcon="@mipmap/ic_launcher_round"
44-->src\main\AndroidManifest.xml:13:9-54
45        android:supportsRtl="true"
45-->src\main\AndroidManifest.xml:14:9-35
46        android:theme="@style/Theme.NewApp" >
46-->src\main\AndroidManifest.xml:15:9-44
47        <activity
47-->src\main\AndroidManifest.xml:16:9-18:40
48            android:name="com.avs.akashsingh.newapp.DailyCheckActivity"
48-->src\main\AndroidManifest.xml:17:13-72
49            android:exported="false" />
49-->src\main\AndroidManifest.xml:18:13-37
50        <activity
50-->src\main\AndroidManifest.xml:19:9-21:40
51            android:name="com.avs.akashsingh.newapp.ScratchCardActivity"
51-->src\main\AndroidManifest.xml:20:13-73
52            android:exported="false" />
52-->src\main\AndroidManifest.xml:21:13-37
53        <activity
53-->src\main\AndroidManifest.xml:22:9-24:39
54            android:name="com.avs.akashsingh.newapp.WatchVideoActivity"
54-->src\main\AndroidManifest.xml:23:13-72
55            android:exported="true" />
55-->src\main\AndroidManifest.xml:24:13-36
56        <activity
56-->src\main\AndroidManifest.xml:25:9-27:39
57            android:name="com.avs.akashsingh.newapp.UpdateProfileAcvity"
57-->src\main\AndroidManifest.xml:26:13-73
58            android:exported="true" />
58-->src\main\AndroidManifest.xml:27:13-36
59        <activity
59-->src\main\AndroidManifest.xml:28:9-30:39
60            android:name="com.avs.akashsingh.newapp.ForgotPasswordActivity"
60-->src\main\AndroidManifest.xml:29:13-76
61            android:exported="true" />
61-->src\main\AndroidManifest.xml:30:13-36
62        <activity
62-->src\main\AndroidManifest.xml:31:9-33:39
63            android:name="com.avs.akashsingh.newapp.SpinWheelActivity"
63-->src\main\AndroidManifest.xml:32:13-71
64            android:exported="true" />
64-->src\main\AndroidManifest.xml:33:13-36
65        <activity
65-->src\main\AndroidManifest.xml:34:9-42:20
66            android:name="com.avs.akashsingh.newapp.SplashActivity"
66-->src\main\AndroidManifest.xml:35:13-68
67            android:exported="true" >
67-->src\main\AndroidManifest.xml:36:13-36
68            <intent-filter>
68-->src\main\AndroidManifest.xml:37:13-41:29
69                <action android:name="android.intent.action.MAIN" />
69-->src\main\AndroidManifest.xml:38:17-69
69-->src\main\AndroidManifest.xml:38:25-66
70
71                <category android:name="android.intent.category.LAUNCHER" />
71-->src\main\AndroidManifest.xml:40:17-77
71-->src\main\AndroidManifest.xml:40:27-74
72            </intent-filter>
73        </activity>
74        <activity
74-->src\main\AndroidManifest.xml:43:9-45:39
75            android:name="com.avs.akashsingh.newapp.LeaderBordActivity"
75-->src\main\AndroidManifest.xml:44:13-72
76            android:exported="true" />
76-->src\main\AndroidManifest.xml:45:13-36
77        <activity
77-->src\main\AndroidManifest.xml:46:9-48:39
78            android:name="com.avs.akashsingh.newapp.ProfileActivity"
78-->src\main\AndroidManifest.xml:47:13-69
79            android:exported="true" />
79-->src\main\AndroidManifest.xml:48:13-36
80        <activity
80-->src\main\AndroidManifest.xml:49:9-51:39
81            android:name="com.avs.akashsingh.newapp.ResultActivity"
81-->src\main\AndroidManifest.xml:50:13-68
82            android:exported="true" />
82-->src\main\AndroidManifest.xml:51:13-36
83        <activity
83-->src\main\AndroidManifest.xml:52:9-54:39
84            android:name="com.avs.akashsingh.newapp.QuizActivity"
84-->src\main\AndroidManifest.xml:53:13-66
85            android:exported="true" />
85-->src\main\AndroidManifest.xml:54:13-36
86        <activity
86-->src\main\AndroidManifest.xml:55:9-57:39
87            android:name="com.avs.akashsingh.newapp.MyWalletActivity"
87-->src\main\AndroidManifest.xml:56:13-70
88            android:exported="true" />
88-->src\main\AndroidManifest.xml:57:13-36
89        <activity
89-->src\main\AndroidManifest.xml:58:9-60:39
90            android:name="com.avs.akashsingh.newapp.CategoryActivity"
90-->src\main\AndroidManifest.xml:59:13-70
91            android:exported="true" />
91-->src\main\AndroidManifest.xml:60:13-36
92        <activity
92-->src\main\AndroidManifest.xml:61:9-63:39
93            android:name="com.avs.akashsingh.newapp.LogInActivity"
93-->src\main\AndroidManifest.xml:62:13-67
94            android:exported="true" />
94-->src\main\AndroidManifest.xml:63:13-36
95        <activity
95-->src\main\AndroidManifest.xml:64:9-66:39
96            android:name="com.avs.akashsingh.newapp.SignUpActivity"
96-->src\main\AndroidManifest.xml:65:13-68
97            android:exported="true" />
97-->src\main\AndroidManifest.xml:66:13-36
98        <activity
98-->src\main\AndroidManifest.xml:67:9-69:39
99            android:name="com.avs.akashsingh.newapp.MainActivity"
99-->src\main\AndroidManifest.xml:68:13-66
100            android:exported="true" />
100-->src\main\AndroidManifest.xml:69:13-36
101
102        <meta-data
102-->src\main\AndroidManifest.xml:71:9-73:52
103            android:name="com.google.android.gms.ads.APPLICATION_ID"
103-->src\main\AndroidManifest.xml:72:13-69
104            android:value="@string/admob_app_id" />
104-->src\main\AndroidManifest.xml:73:13-49
105        <meta-data
105-->src\main\AndroidManifest.xml:75:9-76:117
106            android:name="applovin.sdk.key"
106-->src\main\AndroidManifest.xml:75:20-51
107            android:value="K3Nf_7D5htbmWpmEzPHqiT5EtCI48VK61LI8bkxlt4agGdT078eyKxEewuh8sPw6S2-q9VbgmiMtNPck8ctAnQ" />
107-->src\main\AndroidManifest.xml:76:13-115
108
109        <activity
109-->[unity-ads.aar] AndroidManifest.xml:14:9-18:74
110            android:name="com.unity3d.services.ads.adunit.AdUnitActivity"
110-->[unity-ads.aar] AndroidManifest.xml:15:13-74
111            android:configChanges="fontScale|keyboard|keyboardHidden|locale|mnc|mcc|navigation|orientation|screenLayout|screenSize|smallestScreenSize|uiMode|touchscreen"
111-->[unity-ads.aar] AndroidManifest.xml:16:13-170
112            android:hardwareAccelerated="true"
112-->[unity-ads.aar] AndroidManifest.xml:17:13-47
113            android:theme="@android:style/Theme.NoTitleBar.Fullscreen" />
113-->[unity-ads.aar] AndroidManifest.xml:18:13-71
114        <activity
114-->[unity-ads.aar] AndroidManifest.xml:19:9-23:86
115            android:name="com.unity3d.services.ads.adunit.AdUnitTransparentActivity"
115-->[unity-ads.aar] AndroidManifest.xml:20:13-85
116            android:configChanges="fontScale|keyboard|keyboardHidden|locale|mnc|mcc|navigation|orientation|screenLayout|screenSize|smallestScreenSize|uiMode|touchscreen"
116-->[unity-ads.aar] AndroidManifest.xml:21:13-170
117            android:hardwareAccelerated="true"
117-->[unity-ads.aar] AndroidManifest.xml:22:13-47
118            android:theme="@android:style/Theme.Translucent.NoTitleBar.Fullscreen" />
118-->[unity-ads.aar] AndroidManifest.xml:23:13-83
119        <activity
119-->[unity-ads.aar] AndroidManifest.xml:24:9-28:86
120            android:name="com.unity3d.services.ads.adunit.AdUnitTransparentSoftwareActivity"
120-->[unity-ads.aar] AndroidManifest.xml:25:13-93
121            android:configChanges="fontScale|keyboard|keyboardHidden|locale|mnc|mcc|navigation|orientation|screenLayout|screenSize|smallestScreenSize|uiMode|touchscreen"
121-->[unity-ads.aar] AndroidManifest.xml:26:13-170
122            android:hardwareAccelerated="false"
122-->[unity-ads.aar] AndroidManifest.xml:27:13-48
123            android:theme="@android:style/Theme.Translucent.NoTitleBar.Fullscreen" />
123-->[unity-ads.aar] AndroidManifest.xml:28:13-83
124        <activity
124-->[unity-ads.aar] AndroidManifest.xml:29:9-33:74
125            android:name="com.unity3d.services.ads.adunit.AdUnitSoftwareActivity"
125-->[unity-ads.aar] AndroidManifest.xml:30:13-82
126            android:configChanges="fontScale|keyboard|keyboardHidden|locale|mnc|mcc|navigation|orientation|screenLayout|screenSize|smallestScreenSize|uiMode|touchscreen"
126-->[unity-ads.aar] AndroidManifest.xml:31:13-170
127            android:hardwareAccelerated="false"
127-->[unity-ads.aar] AndroidManifest.xml:32:13-48
128            android:theme="@android:style/Theme.NoTitleBar.Fullscreen" />
128-->[unity-ads.aar] AndroidManifest.xml:33:13-71
129        <activity
129-->[com.google.firebase:firebase-auth:21.0.7] AndroidManifest.xml:27:9-44:20
130            android:name="com.google.firebase.auth.internal.GenericIdpActivity"
130-->[com.google.firebase:firebase-auth:21.0.7] AndroidManifest.xml:28:13-80
131            android:excludeFromRecents="true"
131-->[com.google.firebase:firebase-auth:21.0.7] AndroidManifest.xml:29:13-46
132            android:exported="true"
132-->[com.google.firebase:firebase-auth:21.0.7] AndroidManifest.xml:30:13-36
133            android:launchMode="singleTask"
133-->[com.google.firebase:firebase-auth:21.0.7] AndroidManifest.xml:31:13-44
134            android:theme="@android:style/Theme.Translucent.NoTitleBar" >
134-->[com.google.firebase:firebase-auth:21.0.7] AndroidManifest.xml:32:13-72
135            <intent-filter>
135-->[com.google.firebase:firebase-auth:21.0.7] AndroidManifest.xml:33:13-43:29
136                <action android:name="android.intent.action.VIEW" />
136-->[com.google.firebase:firebase-auth:21.0.7] AndroidManifest.xml:34:17-69
136-->[com.google.firebase:firebase-auth:21.0.7] AndroidManifest.xml:34:25-66
137
138                <category android:name="android.intent.category.DEFAULT" />
138-->[com.google.firebase:firebase-auth:21.0.7] AndroidManifest.xml:36:17-76
138-->[com.google.firebase:firebase-auth:21.0.7] AndroidManifest.xml:36:27-73
139                <category android:name="android.intent.category.BROWSABLE" />
139-->[com.google.firebase:firebase-auth:21.0.7] AndroidManifest.xml:37:17-78
139-->[com.google.firebase:firebase-auth:21.0.7] AndroidManifest.xml:37:27-75
140
141                <data
141-->[com.google.firebase:firebase-auth:21.0.7] AndroidManifest.xml:39:17-42:51
142                    android:host="firebase.auth"
142-->[com.google.firebase:firebase-auth:21.0.7] AndroidManifest.xml:40:21-49
143                    android:path="/"
143-->[com.google.firebase:firebase-auth:21.0.7] AndroidManifest.xml:41:21-37
144                    android:scheme="genericidp" />
144-->[com.google.firebase:firebase-auth:21.0.7] AndroidManifest.xml:42:21-48
145            </intent-filter>
146        </activity>
147        <activity
147-->[com.google.firebase:firebase-auth:21.0.7] AndroidManifest.xml:45:9-62:20
148            android:name="com.google.firebase.auth.internal.RecaptchaActivity"
148-->[com.google.firebase:firebase-auth:21.0.7] AndroidManifest.xml:46:13-79
149            android:excludeFromRecents="true"
149-->[com.google.firebase:firebase-auth:21.0.7] AndroidManifest.xml:47:13-46
150            android:exported="true"
150-->[com.google.firebase:firebase-auth:21.0.7] AndroidManifest.xml:48:13-36
151            android:launchMode="singleTask"
151-->[com.google.firebase:firebase-auth:21.0.7] AndroidManifest.xml:49:13-44
152            android:theme="@android:style/Theme.Translucent.NoTitleBar" >
152-->[com.google.firebase:firebase-auth:21.0.7] AndroidManifest.xml:50:13-72
153            <intent-filter>
153-->[com.google.firebase:firebase-auth:21.0.7] AndroidManifest.xml:51:13-61:29
154                <action android:name="android.intent.action.VIEW" />
154-->[com.google.firebase:firebase-auth:21.0.7] AndroidManifest.xml:34:17-69
154-->[com.google.firebase:firebase-auth:21.0.7] AndroidManifest.xml:34:25-66
155
156                <category android:name="android.intent.category.DEFAULT" />
156-->[com.google.firebase:firebase-auth:21.0.7] AndroidManifest.xml:36:17-76
156-->[com.google.firebase:firebase-auth:21.0.7] AndroidManifest.xml:36:27-73
157                <category android:name="android.intent.category.BROWSABLE" />
157-->[com.google.firebase:firebase-auth:21.0.7] AndroidManifest.xml:37:17-78
157-->[com.google.firebase:firebase-auth:21.0.7] AndroidManifest.xml:37:27-75
158
159                <data
159-->[com.google.firebase:firebase-auth:21.0.7] AndroidManifest.xml:39:17-42:51
160                    android:host="firebase.auth"
160-->[com.google.firebase:firebase-auth:21.0.7] AndroidManifest.xml:40:21-49
161                    android:path="/"
161-->[com.google.firebase:firebase-auth:21.0.7] AndroidManifest.xml:41:21-37
162                    android:scheme="recaptcha" />
162-->[com.google.firebase:firebase-auth:21.0.7] AndroidManifest.xml:42:21-48
163            </intent-filter>
164        </activity>
165
166        <service
166-->[com.google.firebase:firebase-auth:21.0.7] AndroidManifest.xml:64:9-70:19
167            android:name="com.google.firebase.components.ComponentDiscoveryService"
167-->[com.google.firebase:firebase-auth:21.0.7] AndroidManifest.xml:65:13-84
168            android:directBootAware="true"
168-->[com.google.firebase:firebase-common:20.1.1] AndroidManifest.xml:35:13-43
169            android:exported="false" >
169-->[com.google.firebase:firebase-auth:21.0.7] AndroidManifest.xml:66:13-37
170            <meta-data
170-->[com.google.firebase:firebase-auth:21.0.7] AndroidManifest.xml:67:13-69:85
171                android:name="com.google.firebase.components:com.google.firebase.auth.FirebaseAuthRegistrar"
171-->[com.google.firebase:firebase-auth:21.0.7] AndroidManifest.xml:68:17-109
172                android:value="com.google.firebase.components.ComponentRegistrar" />
172-->[com.google.firebase:firebase-auth:21.0.7] AndroidManifest.xml:69:17-82
173            <meta-data
173-->[com.google.firebase:firebase-firestore:24.2.2] AndroidManifest.xml:20:13-22:85
174                android:name="com.google.firebase.components:com.google.firebase.firestore.FirestoreRegistrar"
174-->[com.google.firebase:firebase-firestore:24.2.2] AndroidManifest.xml:21:17-111
175                android:value="com.google.firebase.components.ComponentRegistrar" />
175-->[com.google.firebase:firebase-firestore:24.2.2] AndroidManifest.xml:22:17-82
176            <meta-data
176-->[com.google.firebase:firebase-messaging:23.0.7] AndroidManifest.xml:56:13-58:85
177                android:name="com.google.firebase.components:com.google.firebase.messaging.FirebaseMessagingRegistrar"
177-->[com.google.firebase:firebase-messaging:23.0.7] AndroidManifest.xml:57:17-119
178                android:value="com.google.firebase.components.ComponentRegistrar" />
178-->[com.google.firebase:firebase-messaging:23.0.7] AndroidManifest.xml:58:17-82
179            <meta-data
179-->[com.google.firebase:firebase-datatransport:18.1.5] AndroidManifest.xml:28:13-30:85
180                android:name="com.google.firebase.components:com.google.firebase.datatransport.TransportRegistrar"
180-->[com.google.firebase:firebase-datatransport:18.1.5] AndroidManifest.xml:29:17-115
181                android:value="com.google.firebase.components.ComponentRegistrar" />
181-->[com.google.firebase:firebase-datatransport:18.1.5] AndroidManifest.xml:30:17-82
182            <meta-data
182-->[com.google.android.gms:play-services-measurement-api:21.1.0] AndroidManifest.xml:31:13-33:85
183                android:name="com.google.firebase.components:com.google.firebase.analytics.connector.internal.AnalyticsConnectorRegistrar"
183-->[com.google.android.gms:play-services-measurement-api:21.1.0] AndroidManifest.xml:32:17-139
184                android:value="com.google.firebase.components.ComponentRegistrar" />
184-->[com.google.android.gms:play-services-measurement-api:21.1.0] AndroidManifest.xml:33:17-82
185            <meta-data
185-->[com.google.firebase:firebase-installations:17.0.1] AndroidManifest.xml:18:13-20:85
186                android:name="com.google.firebase.components:com.google.firebase.installations.FirebaseInstallationsRegistrar"
186-->[com.google.firebase:firebase-installations:17.0.1] AndroidManifest.xml:19:17-127
187                android:value="com.google.firebase.components.ComponentRegistrar" />
187-->[com.google.firebase:firebase-installations:17.0.1] AndroidManifest.xml:20:17-82
188        </service>
189
190        <receiver
190-->[com.google.firebase:firebase-messaging:23.0.7] AndroidManifest.xml:32:9-39:20
191            android:name="com.google.firebase.iid.FirebaseInstanceIdReceiver"
191-->[com.google.firebase:firebase-messaging:23.0.7] AndroidManifest.xml:33:13-78
192            android:exported="true"
192-->[com.google.firebase:firebase-messaging:23.0.7] AndroidManifest.xml:34:13-36
193            android:permission="com.google.android.c2dm.permission.SEND" >
193-->[com.google.firebase:firebase-messaging:23.0.7] AndroidManifest.xml:35:13-73
194            <intent-filter>
194-->[com.google.firebase:firebase-messaging:23.0.7] AndroidManifest.xml:36:13-38:29
195                <action android:name="com.google.android.c2dm.intent.RECEIVE" />
195-->[com.google.firebase:firebase-messaging:23.0.7] AndroidManifest.xml:37:17-81
195-->[com.google.firebase:firebase-messaging:23.0.7] AndroidManifest.xml:37:25-78
196            </intent-filter>
197        </receiver>
198        <!--
199             FirebaseMessagingService performs security checks at runtime,
200             but set to not exported to explicitly avoid allowing another app to call it.
201        -->
202        <service
202-->[com.google.firebase:firebase-messaging:23.0.7] AndroidManifest.xml:45:9-52:19
203            android:name="com.google.firebase.messaging.FirebaseMessagingService"
203-->[com.google.firebase:firebase-messaging:23.0.7] AndroidManifest.xml:46:13-82
204            android:directBootAware="true"
204-->[com.google.firebase:firebase-messaging:23.0.7] AndroidManifest.xml:47:13-43
205            android:exported="false" >
205-->[com.google.firebase:firebase-messaging:23.0.7] AndroidManifest.xml:48:13-37
206            <intent-filter android:priority="-500" >
206-->[com.google.firebase:firebase-messaging:23.0.7] AndroidManifest.xml:49:13-51:29
206-->[com.google.firebase:firebase-messaging:23.0.7] AndroidManifest.xml:49:28-51
207                <action android:name="com.google.firebase.MESSAGING_EVENT" />
207-->[com.google.firebase:firebase-messaging:23.0.7] AndroidManifest.xml:50:17-78
207-->[com.google.firebase:firebase-messaging:23.0.7] AndroidManifest.xml:50:25-75
208            </intent-filter>
209        </service>
210
211        <provider
211-->[com.applovin:applovin-sdk:11.3.3] AndroidManifest.xml:18:9-23:39
212            android:name="com.applovin.sdk.AppLovinInitProvider"
212-->[com.applovin:applovin-sdk:11.3.3] AndroidManifest.xml:19:13-65
213            android:authorities="com.avs.akashsingh.newapp.applovincontentprovider"
213-->[com.applovin:applovin-sdk:11.3.3] AndroidManifest.xml:20:13-75
214            android:exported="false"
214-->[com.applovin:applovin-sdk:11.3.3] AndroidManifest.xml:21:13-37
215            android:grantUriPermissions="true"
215-->[com.applovin:applovin-sdk:11.3.3] AndroidManifest.xml:22:13-47
216            android:initOrder="101" /> <!-- Init order is 101 so we're before Firebase/Google which uses 100 -->
216-->[com.applovin:applovin-sdk:11.3.3] AndroidManifest.xml:23:13-36
217        <activity
217-->[com.applovin:applovin-sdk:11.3.3] AndroidManifest.xml:25:9-31:50
218            android:name="com.applovin.adview.AppLovinFullscreenActivity"
218-->[com.applovin:applovin-sdk:11.3.3] AndroidManifest.xml:26:13-74
219            android:configChanges="keyboard|keyboardHidden|locale|orientation|screenLayout|screenSize|smallestScreenSize|uiMode"
219-->[com.applovin:applovin-sdk:11.3.3] AndroidManifest.xml:27:13-129
220            android:exported="false"
220-->[com.applovin:applovin-sdk:11.3.3] AndroidManifest.xml:28:13-37
221            android:hardwareAccelerated="true"
221-->[com.applovin:applovin-sdk:11.3.3] AndroidManifest.xml:29:13-47
222            android:launchMode="singleTop"
222-->[com.applovin:applovin-sdk:11.3.3] AndroidManifest.xml:30:13-43
223            android:screenOrientation="behind" />
223-->[com.applovin:applovin-sdk:11.3.3] AndroidManifest.xml:31:13-47
224        <activity
224-->[com.applovin:applovin-sdk:11.3.3] AndroidManifest.xml:32:9-34:84
225            android:name="com.applovin.sdk.AppLovinWebViewActivity"
225-->[com.applovin:applovin-sdk:11.3.3] AndroidManifest.xml:33:13-68
226            android:configChanges="keyboardHidden|orientation|screenSize|uiMode" />
226-->[com.applovin:applovin-sdk:11.3.3] AndroidManifest.xml:34:13-81
227        <activity
227-->[com.applovin:applovin-sdk:11.3.3] AndroidManifest.xml:35:9-38:87
228            android:name="com.applovin.mediation.MaxDebuggerActivity"
228-->[com.applovin:applovin-sdk:11.3.3] AndroidManifest.xml:36:13-70
229            android:configChanges="keyboardHidden|orientation|screenSize|uiMode"
229-->[com.applovin:applovin-sdk:11.3.3] AndroidManifest.xml:37:13-81
230            android:theme="@style/com.applovin.mediation.MaxDebuggerActivity.Theme" />
230-->[com.applovin:applovin-sdk:11.3.3] AndroidManifest.xml:38:13-84
231        <activity
231-->[com.applovin:applovin-sdk:11.3.3] AndroidManifest.xml:39:9-42:87
232            android:name="com.applovin.mediation.MaxDebuggerDetailActivity"
232-->[com.applovin:applovin-sdk:11.3.3] AndroidManifest.xml:40:13-76
233            android:configChanges="keyboardHidden|orientation|screenSize|uiMode"
233-->[com.applovin:applovin-sdk:11.3.3] AndroidManifest.xml:41:13-81
234            android:theme="@style/com.applovin.mediation.MaxDebuggerActivity.Theme" />
234-->[com.applovin:applovin-sdk:11.3.3] AndroidManifest.xml:42:13-84
235        <activity
235-->[com.applovin:applovin-sdk:11.3.3] AndroidManifest.xml:43:9-46:87
236            android:name="com.applovin.mediation.MaxDebuggerMultiAdActivity"
236-->[com.applovin:applovin-sdk:11.3.3] AndroidManifest.xml:44:13-77
237            android:configChanges="keyboardHidden|orientation|screenSize|uiMode"
237-->[com.applovin:applovin-sdk:11.3.3] AndroidManifest.xml:45:13-81
238            android:theme="@style/com.applovin.mediation.MaxDebuggerActivity.Theme" />
238-->[com.applovin:applovin-sdk:11.3.3] AndroidManifest.xml:46:13-84
239        <activity
239-->[com.applovin:applovin-sdk:11.3.3] AndroidManifest.xml:47:9-50:87
240            android:name="com.applovin.mediation.MaxDebuggerAdUnitsListActivity"
240-->[com.applovin:applovin-sdk:11.3.3] AndroidManifest.xml:48:13-81
241            android:configChanges="keyboardHidden|orientation|screenSize|uiMode"
241-->[com.applovin:applovin-sdk:11.3.3] AndroidManifest.xml:49:13-81
242            android:theme="@style/com.applovin.mediation.MaxDebuggerActivity.Theme" />
242-->[com.applovin:applovin-sdk:11.3.3] AndroidManifest.xml:50:13-84
243        <activity
243-->[com.applovin:applovin-sdk:11.3.3] AndroidManifest.xml:51:9-54:87
244            android:name="com.applovin.mediation.MaxDebuggerAdUnitDetailActivity"
244-->[com.applovin:applovin-sdk:11.3.3] AndroidManifest.xml:52:13-82
245            android:configChanges="keyboardHidden|orientation|screenSize|uiMode"
245-->[com.applovin:applovin-sdk:11.3.3] AndroidManifest.xml:53:13-81
246            android:theme="@style/com.applovin.mediation.MaxDebuggerActivity.Theme" />
246-->[com.applovin:applovin-sdk:11.3.3] AndroidManifest.xml:54:13-84
247        <activity
247-->[com.applovin:applovin-sdk:11.3.3] AndroidManifest.xml:55:9-58:87
248            android:name="com.applovin.mediation.MaxDebuggerTestLiveNetworkActivity"
248-->[com.applovin:applovin-sdk:11.3.3] AndroidManifest.xml:56:13-85
249            android:configChanges="keyboardHidden|orientation|screenSize|uiMode"
249-->[com.applovin:applovin-sdk:11.3.3] AndroidManifest.xml:57:13-81
250            android:theme="@style/com.applovin.mediation.MaxDebuggerActivity.Theme" />
250-->[com.applovin:applovin-sdk:11.3.3] AndroidManifest.xml:58:13-84
251
252        <service
252-->[com.applovin:applovin-sdk:11.3.3] AndroidManifest.xml:60:9-63:44
253            android:name="com.applovin.impl.sdk.utils.AppKilledService"
253-->[com.applovin:applovin-sdk:11.3.3] AndroidManifest.xml:61:13-72
254            android:exported="false"
254-->[com.applovin:applovin-sdk:11.3.3] AndroidManifest.xml:62:13-37
255            android:stopWithTask="false" />
255-->[com.applovin:applovin-sdk:11.3.3] AndroidManifest.xml:63:13-41
256        <service
256-->[com.applovin:applovin-sdk:11.3.3] AndroidManifest.xml:64:9-67:44
257            android:name="com.applovin.impl.adview.activity.FullscreenAdService"
257-->[com.applovin:applovin-sdk:11.3.3] AndroidManifest.xml:65:13-81
258            android:exported="false"
258-->[com.applovin:applovin-sdk:11.3.3] AndroidManifest.xml:66:13-37
259            android:stopWithTask="false" />
259-->[com.applovin:applovin-sdk:11.3.3] AndroidManifest.xml:67:13-41
260
261        <activity
261-->[com.facebook.android:audience-network-sdk:6.12.0] AndroidManifest.xml:20:9-24:75
262            android:name="com.facebook.ads.AudienceNetworkActivity"
262-->[com.facebook.android:audience-network-sdk:6.12.0] AndroidManifest.xml:21:13-68
263            android:configChanges="keyboardHidden|orientation|screenSize"
263-->[com.facebook.android:audience-network-sdk:6.12.0] AndroidManifest.xml:22:13-74
264            android:exported="false"
264-->[com.facebook.android:audience-network-sdk:6.12.0] AndroidManifest.xml:23:13-37